{
  "RSpec": {
    "coverage": {
      "/home/egor/DndMasterBoard/config/environment.rb": {
        "lines": [
          null,
          null,
          null,
          1,
          null,
          null,
          1
        ]
      },
      "/home/egor/DndMasterBoard/config/application.rb": {
        "lines": [
          null,
          null,
          1,
          null,
          1,
          null,
          null,
          null,
          1,
          null,
          1,
          1,
          null,
          1,
          1,
          null,
          1,
          null,
          null,
          null,
          null,
          null,
          null,
          null,
          null,
          null,
          null
        ]
      },
      "/home/egor/DndMasterBoard/config/boot.rb": {
        "lines": [
          null,
          null,
          1,
          null,
          1,
          1
        ]
      },
      "/home/egor/DndMasterBoard/config/environments/test.rb": {
        "lines": [
          null,
          null,
          1,
          null,
          null,
          null,
          null,
          null,
          null,
          1,
          null,
          1,
          1,
          1,
          null,
          null,
          null,
          null,
          1,
          null,
          null,
          1,
          1,
          null,
          null,
          null,
          null,
          1,
          1,
          1,
          null,
          null,
          1,
          null,
          null,
          1,
          null,
          null,
          1,
          null,
          1,
          null,
          null,
          null,
          null,
          1,
          null,
          null,
          1,
          null,
          null,
          1,
          null,
          null,
          1,
          null,
          null,
          null,
          null,
          null,
          null,
          null
        ]
      },
      "/home/egor/DndMasterBoard/config/initializers/application_controller_renderer.rb": {
        "lines": [
          null,
          null,
          null,
          null,
          null,
          null,
          null,
          null,
          null
        ]
      },
      "/home/egor/DndMasterBoard/config/initializers/assets.rb": {
        "lines": [
          null,
          null,
          null,
          null,
          null,
          1,
          null,
          null,
          null,
          null,
          null,
          null,
          null,
          null
        ]
      },
      "/home/egor/DndMasterBoard/config/initializers/backtrace_silencers.rb": {
        "lines": [
          null,
          null,
          null,
          null,
          null,
          null,
          null,
          null,
          null,
          1
        ]
      },
      "/home/egor/DndMasterBoard/config/initializers/content_security_policy.rb": {
        "lines": [
          null,
          null,
          null,
          null,
          null,
          null,
          null,
          null,
          null,
          null,
          null,
          null,
          null,
          null,
          null,
          null,
          null,
          null,
          null,
          null,
          null,
          null,
          null,
          null,
          null,
          null,
          null,
          null,
          null
        ]
      },
      "/home/egor/DndMasterBoard/config/initializers/cookies_serializer.rb": {
        "lines": [
          null,
          null,
          null,
          null,
          null,
          null,
          1
        ]
      },
      "/home/egor/DndMasterBoard/config/initializers/devise.rb": {
        "lines": [
          null,
          null,
          null,
          null,
          null,
          null,
          null,
          null,
          null,
          null,
          1,
          null,
          null,
          null,
          null,
          null,
          null,
          null,
          null,
          null,
          null,
          null,
          null,
          null,
          null,
          null,
          1,
          null,
          null,
          null,
          null,
          null,
          null,
          null,
          null,
          null,
          null,
          null,
          1,
          null,
          null,
          null,
          null,
          null,
          null,
          null,
          null,
          null,
          null,
          null,
          null,
          null,
          null,
          null,
          null,
          null,
          null,
          null,
          null,
          null,
          1,
          null,
          null,
          null,
          null,
          1,
          null,
          null,
          null,
          null,
          null,
          null,
          null,
          null,
          null,
          null,
          null,
          null,
          null,
          null,
          null,
          null,
          null,
          null,
          null,
          null,
          null,
          null,
          null,
          null,
          null,
          null,
          null,
          null,
          null,
          null,
          null,
          null,
          null,
          1,
          null,
          null,
          null,
          null,
          null,
          null,
          null,
          null,
          null,
          null,
          null,
          null,
          null,
          null,
          null,
          null,
          null,
          null,
          null,
          null,
          null,
          null,
          null,
          null,
          null,
          1,
          null,
          null,
          null,
          null,
          null,
          null,
          null,
          null,
          null,
          null,
          null,
          null,
          null,
          null,
          null,
          null,
          null,
          null,
          null,
          null,
          null,
          null,
          null,
          null,
          null,
          null,
          null,
          null,
          null,
          null,
          null,
          null,
          null,
          1,
          null,
          null,
          null,
          null,
          null,
          null,
          null,
          null,
          null,
          1,
          null,
          null,
          null,
          null,
          null,
          null,
          null,
          null,
          null,
          null,
          1,
          null,
          null,
          null,
          null,
          1,
          null,
          null,
          null,
          null,
          null,
          null,
          null,
          null,
          null,
          null,
          null,
          null,
          null,
          null,
          null,
          null,
          null,
          null,
          null,
          null,
          null,
          null,
          null,
          null,
          null,
          null,
          null,
          null,
          null,
          null,
          null,
          null,
          null,
          null,
          null,
          null,
          null,
          null,
          null,
          null,
          1,
          null,
          null,
          null,
          null,
          null,
          null,
          null,
          null,
          null,
          null,
          null,
          null,
          null,
          null,
          null,
          null,
          null,
          null,
          null,
          1,
          null,
          null,
          null,
          null,
          null,
          null,
          null,
          null,
          null,
          null,
          null,
          null,
          null,
          null,
          null,
          null,
          null,
          null,
          null,
          null,
          null,
          1,
          null,
          null,
          null,
          null,
          null,
          null,
          null,
          null,
          null,
          null,
          null,
          null,
          null,
          null,
          null,
          null,
          null,
          null,
          null,
          null,
          null,
          null,
          null,
          null,
          null,
          null,
          null,
          null,
          null,
          null,
          null,
          null,
          null,
          null,
          null,
          null,
          null,
          null,
          null,
          null,
          null,
          null
        ]
      },
      "/home/egor/DndMasterBoard/config/initializers/filter_parameter_logging.rb": {
        "lines": [
          null,
          null,
          null,
          null,
          null,
          1,
          null,
          null
        ]
      },
      "/home/egor/DndMasterBoard/config/initializers/inflections.rb": {
        "lines": [
          null,
          null,
          null,
          null,
          null,
          null,
          null,
          null,
          null,
          null,
          null,
          null,
          null,
          null,
          null,
          null,
          null
        ]
      },
      "/home/egor/DndMasterBoard/config/initializers/mime_types.rb": {
        "lines": [
          null,
          null,
          null,
          null,
          null
        ]
      },
      "/home/egor/DndMasterBoard/config/initializers/permissions_policy.rb": {
        "lines": [
          null,
          null,
          null,
          null,
          null,
          null,
          null,
          null,
          null,
          null,
          null,
          null
        ]
      },
      "/home/egor/DndMasterBoard/config/initializers/wrap_parameters.rb": {
        "lines": [
          null,
          null,
          null,
          null,
          null,
          null,
          null,
          null,
          1,
          2,
          null,
          null,
          null,
          null,
          null,
          null
        ]
      },
      "/home/egor/DndMasterBoard/spec/factories/campaign_factory.rb": {
        "lines": [
          null,
          null,
          1,
          1,
          117,
          117,
          117,
          117,
          null,
          null,
          1,
          43,
          43,
          43,
          null,
          1,
          null,
          null,
          1,
          20,
          20,
          20,
          null,
          1,
          null,
          null,
          1,
          1,
          1,
          null,
          null,
          1,
          0,
          0,
          0,
          null,
          null,
          null
        ]
      },
      "/home/egor/DndMasterBoard/spec/factories/character_factory.rb": {
        "lines": [
          1,
          1,
          30,
          30,
          30,
          null,
          1,
          null,
          null,
          1,
          14,
          14,
          14,
          null,
          1,
          null,
          null,
          1,
          6,
          6,
          6,
          null,
          1,
          null,
          1,
          1,
          null,
          null,
          null
        ]
      },
      "/home/egor/DndMasterBoard/spec/factories/player_character_factory.rb": {
        "lines": [
          1,
          1,
          20,
          20,
          20,
          null,
          null,
          1,
          20,
          20,
          null,
          null,
          1,
          19,
          19,
          19,
          null,
          1,
          1,
          1,
          null,
          null,
          1,
          1,
          null,
          1,
          1,
          null,
          1,
          null,
          1,
          1,
          null,
          null,
          1,
          1,
          null,
          null,
          null
        ]
      },
      "/home/egor/DndMasterBoard/spec/factories/skills_factory.rb": {
        "lines": [
          1,
          1,
          11,
          11,
          11,
          11,
          null,
          1,
          null,
          1,
          1,
          null,
          null,
          1,
          1,
          null,
          null,
          null
        ]
      },
      "/home/egor/DndMasterBoard/spec/factories/user_factory.rb": {
        "lines": [
          1,
          1,
          73,
          null,
          null,
          1,
          53,
          null,
          null,
          1,
          1,
          1,
          74,
          null,
          1,
          11,
          null,
          null,
          1,
          11,
          null,
          null,
          null,
          1,
          1,
          1,
          null,
          null,
          null,
          1,
          1,
          null,
          1,
          1,
          10,
          null,
          null,
          null,
          null,
          1,
          1,
          1,
          4,
          null,
          null,
          1,
          null,
          null
        ]
      },
      "/home/egor/DndMasterBoard/config/routes.rb": {
        "lines": [
          null,
          null,
          1,
          1,
          null,
          null,
          null,
          null,
          1,
          1,
          null,
          null,
          1,
          null,
          1,
          1,
          1,
          1,
          1,
          1,
          1,
          1,
          null,
          1,
          1,
          1,
          1,
          null,
          null
        ]
      },
      "/home/egor/DndMasterBoard/app/models/user.rb": {
        "lines": [
          1,
          1,
          null,
          1,
          null,
          null,
          1,
          1,
          1,
          1,
          1,
          1,
          null,
          1,
          null,
          1,
          null,
          1,
          6,
          null,
          null,
          1,
          7,
          null,
          null,
          1,
          6,
          null,
          null,
          null,
          null
        ]
      },
      "/home/egor/DndMasterBoard/app/models/application_record.rb": {
        "lines": [
          null,
          null,
          1,
          1,
          null
        ]
      },
      "/home/egor/DndMasterBoard/app/helpers/acts_helper.rb": {
        "lines": [
          1,
          null
        ]
      },
      "/home/egor/DndMasterBoard/app/helpers/application_helper.rb": {
        "lines": [
          null,
          null,
          1,
          1,
          null,
          1,
          3,
          9,
          null,
          null,
          7,
          null,
          null,
          null,
          null,
          null,
          null,
          null,
          null
        ]
      },
      "/home/egor/DndMasterBoard/app/helpers/campaigns_helper.rb": {
        "lines": [
          null,
          null,
          1,
          null
        ]
      },
      "/home/egor/DndMasterBoard/app/helpers/chapters_helper.rb": {
        "lines": [
          null,
          null,
          1,
          1,
          2,
          null,
          2,
          null,
          null,
          null,
          2,
          null,
          null,
          null,
          null,
          2,
          null,
          null,
          null,
          null,
          null,
          2,
          null,
          null,
          null,
          null,
          null,
          2,
          null,
          null
        ]
      },
      "/home/egor/DndMasterBoard/app/helpers/enemies_helper.rb": {
        "lines": [
          1,
          1,
          2,
          null,
          2,
          null,
          null,
          null,
          2,
          null,
          null,
          null,
          2,
          null,
          null,
          null,
          null,
          2,
          null,
          null,
          null,
          null,
          null,
          2,
          null,
          null,
          null,
          null,
          null,
          2,
          null,
          null
        ]
      },
      "/home/egor/DndMasterBoard/app/helpers/master_characters_helper.rb": {
        "lines": [
          1,
          1,
          2,
          null,
          2,
          null,
          null,
          null,
          2,
          null,
          null,
          null,
          2,
          null,
          null,
          null,
          null,
          2,
          null,
          null,
          null,
          null,
          null,
          2,
          null,
          null,
          null,
          null,
          null,
          2,
          null,
          null
        ]
      },
      "/home/egor/DndMasterBoard/spec/support/factory_bot.rb": {
        "lines": [
          null,
          null,
          1,
          null,
          1,
          1,
          null
        ]
      },
      "/home/egor/DndMasterBoard/app/controllers/acts_controller.rb": {
        "lines": [
          1,
          1,
          null,
          1,
          null,
          1,
          null,
          1,
          1,
          null,
          1,
          null,
          null,
          1,
          null,
          1,
          3,
          null,
          null,
          1,
          1,
          null,
          null,
          null,
          null,
          null,
          null
        ]
      },
      "/home/egor/DndMasterBoard/app/controllers/game_controller.rb": {
        "lines": [
          1,
          1,
          1,
          null
        ]
      },
      "/home/egor/DndMasterBoard/app/controllers/application_controller.rb": {
        "lines": [
          null,
          null,
          1,
          1,
          null,
          1,
          16,
          null,
          null
        ]
      },
      "/home/egor/DndMasterBoard/spec/controllers/campaigns_controller_spec.rb": {
        "lines": [
          null,
          null,
          1,
          null,
          1,
          1,
          1,
          1,
          null,
          null,
          1,
          1,
          1,
          null,
          1,
          null,
          null,
          null,
          1,
          1,
          1,
          null,
          1,
          null,
          null,
          null,
          1,
          1,
          1,
          null,
          1,
          null,
          null,
          null,
          null,
          1,
          1,
          1,
          1,
          null,
          null,
          1,
          4,
          null,
          null,
          1,
          1,
          1,
          null,
          1,
          null,
          null,
          null,
          1,
          1,
          1,
          null,
          1,
          null,
          null,
          null,
          1,
          1,
          1,
          null,
          1,
          null,
          null,
          null,
          1,
          1,
          1,
          null,
          1,
          null,
          null,
          null,
          null
        ]
      },
      "/home/egor/DndMasterBoard/app/controllers/campaigns_controller.rb": {
        "lines": [
          null,
          null,
          1,
          1,
          null,
          1,
          1,
          null,
          null,
          1,
          null,
          1,
          null,
          1,
          1,
          null,
          1,
          null,
          null,
          1,
          null,
          1,
          1,
          null,
          null,
          1,
          3,
          null,
          null
        ]
      },
      "/home/egor/DndMasterBoard/spec/controllers/chapter_controllers_spec.rb": {
        "lines": [
          null,
          null,
          1,
          null,
          1,
          1,
          1,
          1,
          null,
          null,
          1,
          1,
          1,
          null,
          1,
          null,
          null,
          null,
          1,
          1,
          1,
          null,
          1,
          null,
          null,
          null,
          1,
          1,
          1,
          null,
          1,
          null,
          null,
          null,
          null,
          1,
          3,
          null,
          1,
          1,
          1,
          null,
          null,
          1,
          5,
          null,
          null,
          1,
          1,
          1,
          null,
          1,
          null,
          null,
          null,
          1,
          1,
          1,
          null,
          1,
          null,
          null,
          null,
          1,
          1,
          1,
          null,
          1,
          null,
          null,
          null,
          1,
          1,
          1,
          null,
          1,
          null,
          null,
          null,
          1,
          1,
          1,
          null,
          null,
          null,
          null,
          1,
          null,
          null,
          null,
          null
        ]
      },
      "/home/egor/DndMasterBoard/app/controllers/chapters_controller.rb": {
        "lines": [
          null,
          null,
          1,
          1,
          null,
          1,
          null,
          1,
          null,
          1,
          1,
          null,
          1,
          null,
          null,
          1,
          1,
          null,
          null,
          1,
          1,
          null,
          1,
          2,
          null,
          null,
          null,
          1,
          null,
          1,
          3,
          null,
          null,
          null,
          null,
          null,
          null,
          null,
          1,
          3,
          null,
          null
        ]
      },
      "/home/egor/DndMasterBoard/spec/controllers/combat_skills_controller_spec.rb": {
        "lines": [
          null,
          null,
          1,
          null,
          1,
          1,
          3,
          null,
          1,
          1,
          1,
          null,
          null,
          1,
          4,
          null,
          null,
          1,
          1,
          1,
          null,
          1,
          null,
          null,
          null,
          1,
          1,
          1,
          null,
          1,
          null,
          null,
          null,
          1,
          1,
          1,
          null,
          1,
          null,
          null,
          null,
          1,
          1,
          1,
          null,
          null,
          null,
          null,
          null,
          1,
          null,
          null,
          null,
          null
        ]
      },
      "/home/egor/DndMasterBoard/app/controllers/combat_skills_controller.rb": {
        "lines": [
          1,
          1,
          null,
          1,
          null,
          1,
          1,
          null,
          1,
          null,
          null,
          1,
          1,
          null,
          null,
          1,
          1,
          null,
          null,
          1,
          null,
          1,
          2,
          null,
          null,
          1,
          3,
          null,
          null,
          null,
          null,
          null,
          null,
          null,
          null
        ]
      },
      "/home/egor/DndMasterBoard/spec/controllers/enemies_controller_spec.rb": {
        "lines": [
          null,
          null,
          1,
          null,
          1,
          1,
          5,
          5,
          null,
          1,
          1,
          1,
          null,
          null,
          1,
          7,
          null,
          null,
          1,
          1,
          1,
          null,
          1,
          null,
          null,
          null,
          1,
          1,
          1,
          null,
          1,
          null,
          null,
          null,
          1,
          1,
          1,
          null,
          1,
          null,
          null,
          null,
          1,
          1,
          1,
          null,
          1,
          null,
          null,
          null,
          1,
          1,
          1,
          null,
          null,
          null,
          null,
          null,
          1,
          null,
          null,
          1,
          1,
          null,
          1,
          null,
          null,
          null,
          null,
          null,
          1,
          null,
          1,
          null,
          null,
          1,
          1,
          null,
          1,
          null,
          null,
          null,
          null,
          null,
          1,
          null,
          1,
          null,
          null,
          null,
          null
        ]
      },
      "/home/egor/DndMasterBoard/app/controllers/enemies_controller.rb": {
        "lines": [
          1,
          1,
          null,
          1,
          null,
          1,
          null,
          1,
          1,
          null,
          1,
          null,
          null,
          1,
          1,
          null,
          null,
          1,
          3,
          null,
          3,
          3,
          3,
          null,
          null,
          null,
          1,
          null,
          1,
          3,
          null,
          null,
          1,
          11,
          null,
          null,
          null,
          null,
          null,
          null,
          null,
          null,
          null
        ]
      },
      "/home/egor/DndMasterBoard/spec/controllers/friends_controller_spec.rb": {
        "lines": [
          null,
          null,
          1,
          null,
          1,
          1,
          1,
          1,
          1,
          null,
          null,
          1,
          11,
          22,
          null,
          null,
          1,
          1,
          1,
          null,
          1,
          null,
          null,
          null,
          1,
          1,
          1,
          null,
          1,
          null,
          null,
          1,
          1,
          null,
          1,
          null,
          null,
          null,
          1,
          1,
          1,
          null,
          1,
          null,
          null,
          1,
          1,
          null,
          1,
          null,
          null,
          1,
          1,
          null,
          1,
          null,
          1,
          null,
          null,
          null,
          null,
          1,
          1,
          3,
          null,
          null,
          1,
          1,
          null,
          0,
          null,
          null,
          1,
          1,
          null,
          0,
          null,
          null,
          0,
          null,
          null,
          1,
          1,
          null,
          0,
          null,
          null,
          0,
          null,
          null,
          null,
          1,
          1,
          2,
          null,
          null,
          1,
          1,
          null,
          1,
          null,
          null,
          1,
          1,
          null,
          1,
          null,
          1,
          null,
          null,
          null,
          null
        ]
      },
      "/home/egor/DndMasterBoard/app/controllers/friends_controller.rb": {
        "lines": [
          1,
          1,
          1,
          1,
          null,
          null,
          1,
          2,
          null,
          2,
          4,
          null,
          null,
          null,
          1,
          3,
          null,
          3,
          null,
          null,
          1,
          3,
          null,
          3,
          3,
          null,
          3,
          3,
          null,
          3,
          3,
          null,
          null,
          null,
          1,
          2,
          null,
          2,
          null,
          null,
          1,
          null,
          1,
          3,
          null,
          null
        ]
      },
      "/home/egor/DndMasterBoard/spec/controllers/master_characters_controller_spec.rb": {
        "lines": [
          null,
          null,
          1,
          null,
          1,
          1,
          5,
          5,
          null,
          1,
          1,
          1,
          null,
          null,
          1,
          7,
          null,
          null,
          1,
          1,
          1,
          null,
          1,
          null,
          null,
          null,
          1,
          1,
          1,
          null,
          1,
          null,
          null,
          null,
          1,
          1,
          1,
          null,
          1,
          null,
          null,
          null,
          1,
          1,
          1,
          null,
          1,
          null,
          null,
          null,
          1,
          1,
          1,
          null,
          null,
          null,
          null,
          null,
          1,
          null,
          null,
          1,
          1,
          null,
          1,
          null,
          null,
          null,
          null,
          null,
          1,
          null,
          1,
          null,
          null,
          1,
          1,
          null,
          1,
          null,
          null,
          null,
          null,
          null,
          1,
          null,
          1,
          null,
          null,
          null,
          null
        ]
      },
      "/home/egor/DndMasterBoard/app/controllers/master_characters_controller.rb": {
        "lines": [
          1,
          1,
          null,
          1,
          null,
          1,
          null,
          1,
          1,
          null,
          1,
          null,
          null,
          1,
          1,
          null,
          null,
          1,
          3,
          null,
          3,
          3,
          3,
          null,
          null,
          null,
          1,
          null,
          1,
          3,
          null,
          null,
          1,
          11,
          null,
          null,
          null,
          null,
          null,
          null,
          null,
          null,
          null
        ]
      },
      "/home/egor/DndMasterBoard/spec/controllers/player_characters_controller_spec.rb": {
        "lines": [
          null,
          null,
          1,
          null,
          1,
          1,
          1,
          null,
          1,
          1,
          1,
          null,
          null,
          1,
          2,
          null,
          null,
          1,
          1,
          1,
          null,
          1,
          null,
          null,
          null,
          1,
          1,
          1,
          null,
          1,
          null,
          null,
          null,
          null
        ]
      },
      "/home/egor/DndMasterBoard/app/controllers/player_characters_controller.rb": {
        "lines": [
          1,
          1,
          null,
          1,
          1,
          null,
          null,
          1,
          null,
          1,
          0,
          null,
          null,
          1,
          0,
          0,
          0,
          null,
          0,
          0,
          null,
          null,
          0,
          null,
          null,
          1,
          null,
          1,
          0,
          null,
          null,
          null,
          null,
          null,
          null,
          1,
          0,
          null,
          null,
          1,
          1,
          null,
          null
        ]
      },
      "/home/egor/DndMasterBoard/spec/helpers/acts_helper_spec.rb": {
        "lines": [
          1,
          null,
          null,
          null,
          null,
          null,
          null,
          null,
          null,
          null,
          null,
          null,
          1,
          null,
          null
        ]
      },
      "/home/egor/DndMasterBoard/spec/helpers/application_helper_spec.rb": {
        "lines": [
          null,
          null,
          1,
          null,
          1,
          1,
          1,
          1,
          null,
          4,
          null,
          1,
          null,
          null,
          1,
          1,
          null,
          3,
          null,
          1,
          null,
          null,
          1,
          1,
          null,
          3,
          null,
          1,
          null,
          null,
          null
        ]
      },
      "/home/egor/DndMasterBoard/spec/helpers/campaigns_helper_spec.rb": {
        "lines": [
          null,
          null,
          1,
          null,
          null,
          null,
          null,
          null,
          null,
          null,
          null,
          null,
          null,
          null,
          1,
          1,
          null
        ]
      },
      "/home/egor/DndMasterBoard/spec/helpers/chapters_helper_spec.rb": {
        "lines": [
          null,
          null,
          1,
          null,
          1,
          1,
          1,
          1,
          null,
          null,
          1,
          1,
          null,
          5,
          null,
          1,
          null,
          null,
          null
        ]
      },
      "/home/egor/DndMasterBoard/spec/helpers/enemies_helper_spec.rb": {
        "lines": [
          1,
          null,
          1,
          1,
          1,
          1,
          null,
          null,
          1,
          1,
          null,
          1,
          5,
          null,
          null,
          1,
          null,
          null,
          null
        ]
      },
      "/home/egor/DndMasterBoard/spec/helpers/master_characters_helper_spec.rb": {
        "lines": [
          1,
          null,
          1,
          1,
          1,
          1,
          null,
          null,
          1,
          1,
          null,
          1,
          5,
          null,
          null,
          1,
          null,
          null,
          null
        ]
      },
      "/home/egor/DndMasterBoard/spec/models/act_character_spec.rb": {
        "lines": [
          1,
          null,
          1,
          null
        ]
      },
      "/home/egor/DndMasterBoard/app/models/act_character.rb": {
        "lines": [
          1,
          1,
          1,
          null
        ]
      },
      "/home/egor/DndMasterBoard/spec/models/act_spec.rb": {
        "lines": [
          null,
          null,
          1,
          null,
          1,
          null
        ]
      },
      "/home/egor/DndMasterBoard/app/models/act.rb": {
        "lines": [
          null,
          null,
          1,
          1,
          1,
          1,
          1,
          null,
          1,
          null,
          1,
          null
        ]
      },
      "/home/egor/DndMasterBoard/spec/models/campaign_member_spec.rb": {
        "lines": [
          1,
          null,
          1,
          null
        ]
      },
      "/home/egor/DndMasterBoard/app/models/campaign_member.rb": {
        "lines": [
          1,
          1,
          1,
          1,
          null,
          1,
          null,
          null,
          null,
          null
        ]
      },
      "/home/egor/DndMasterBoard/spec/models/campaign_spec.rb": {
        "lines": [
          null,
          null,
          1,
          null,
          1,
          1,
          1,
          1,
          null,
          1,
          1,
          1,
          null,
          1,
          null,
          null,
          1,
          1,
          1,
          1,
          null,
          1,
          null,
          null,
          null
        ]
      },
      "/home/egor/DndMasterBoard/app/models/campaign.rb": {
        "lines": [
          null,
          null,
          1,
          1,
          1,
          1,
          1,
          1,
          null
        ]
      },
      "/home/egor/DndMasterBoard/spec/models/chapter_spec.rb": {
        "lines": [
          null,
          null,
          1,
          null,
          1,
          1,
          1,
          1,
          null,
          1,
          1,
          1,
          1,
          1,
          null,
          1,
          null,
          null,
          1,
          1,
          1,
          1,
          null,
          1,
          null,
          null,
          null
        ]
      },
      "/home/egor/DndMasterBoard/app/models/chapter.rb": {
        "lines": [
          null,
          null,
          1,
          1,
          1,
          null,
          1,
          null
        ]
      },
      "/home/egor/DndMasterBoard/spec/models/character_class_spec.rb": {
        "lines": [
          1,
          null,
          1,
          null,
          null
        ]
      },
      "/home/egor/DndMasterBoard/app/models/character_class.rb": {
        "lines": [
          1,
          null
        ]
      },
      "/home/egor/DndMasterBoard/spec/models/characteristic_spec.rb": {
        "lines": [
          1,
          null,
          1,
          null,
          null
        ]
      },
      "/home/egor/DndMasterBoard/app/models/characteristic.rb": {
        "lines": [
          1,
          1,
          null,
          1,
          null,
          1,
          null
        ]
      },
      "/home/egor/DndMasterBoard/spec/models/combat_skill_spec.rb": {
        "lines": [
          1,
          null,
          1,
          null
        ]
      },
      "/home/egor/DndMasterBoard/app/models/combat_skill.rb": {
        "lines": [
          1,
          null
        ]
      },
      "/home/egor/DndMasterBoard/app/models/skill.rb": {
        "lines": [
          1,
          1,
          null,
          1,
          null
        ]
      },
      "/home/egor/DndMasterBoard/spec/models/equipment_spec.rb": {
        "lines": [
          1,
          null,
          1,
          null,
          null
        ]
      },
      "/home/egor/DndMasterBoard/app/models/equipment.rb": {
        "lines": [
          1,
          1,
          null
        ]
      },
      "/home/egor/DndMasterBoard/spec/models/friendship_spec.rb": {
        "lines": [
          1,
          null,
          1,
          1,
          1,
          1,
          null,
          1,
          1,
          null,
          1,
          null,
          null,
          null
        ]
      },
      "/home/egor/DndMasterBoard/app/models/friendship.rb": {
        "lines": [
          1,
          1,
          1,
          null,
          1,
          1,
          1,
          null,
          8,
          8,
          null,
          1,
          20,
          null,
          null,
          null,
          null,
          1,
          0,
          null,
          null,
          1,
          null,
          1,
          31,
          null,
          null
        ]
      },
      "/home/egor/DndMasterBoard/spec/models/main_characteristic_spec.rb": {
        "lines": [
          1,
          null,
          1,
          1,
          1,
          1,
          null,
          1,
          null,
          null,
          null,
          1,
          1,
          1,
          1,
          null,
          1,
          1,
          1,
          1,
          1,
          null,
          1,
          null,
          null,
          1,
          1,
          null,
          1,
          null,
          null,
          null,
          null
        ]
      },
      "/home/egor/DndMasterBoard/app/models/main_characteristic.rb": {
        "lines": [
          1,
          1,
          null,
          401,
          1,
          null,
          1,
          null,
          1283,
          null,
          1,
          null,
          null,
          null,
          null,
          null,
          null,
          null,
          null,
          1,
          402,
          null,
          null,
          1,
          0,
          null,
          null,
          1,
          null,
          1,
          0,
          null,
          null,
          1,
          400,
          null,
          null
        ]
      },
      "/home/egor/DndMasterBoard/spec/models/master_character_spec.rb": {
        "lines": [
          1,
          null,
          1,
          1,
          1,
          1,
          1,
          null,
          1,
          1,
          1,
          1,
          1,
          null,
          1,
          null,
          null,
          1,
          3,
          null,
          1,
          1,
          1,
          null,
          1,
          null,
          null,
          1,
          1,
          1,
          null,
          1,
          null,
          1,
          null,
          null,
          null,
          null,
          null
        ]
      },
      "/home/egor/DndMasterBoard/app/models/master_character.rb": {
        "lines": [
          1,
          1,
          1,
          null
        ]
      },
      "/home/egor/DndMasterBoard/app/models/character.rb": {
        "lines": [
          1,
          1,
          null,
          1,
          null,
          1,
          1,
          1,
          null,
          1,
          1,
          1,
          null,
          1,
          null,
          1,
          null,
          1,
          66,
          396,
          null,
          null,
          null
        ]
      },
      "/home/egor/DndMasterBoard/app/models/concerns/default_characteristics.rb": {
        "lines": [
          1,
          1,
          null,
          null,
          1,
          null,
          null,
          null,
          null,
          null,
          null,
          null,
          7,
          null
        ]
      },
      "/home/egor/DndMasterBoard/spec/models/player_character_spec.rb": {
        "lines": [
          1,
          null,
          1,
          1,
          1,
          1,
          1,
          1,
          1,
          1,
          1,
          null,
          1,
          null,
          null,
          1,
          1,
          null,
          1,
          null,
          null,
          1,
          1,
          null,
          19,
          19,
          null,
          1,
          null,
          null,
          1,
          1,
          null,
          1,
          null,
          null,
          1,
          1,
          null,
          7,
          7,
          null,
          1,
          null,
          null,
          null,
          1,
          1,
          1,
          null,
          1,
          null,
          19,
          null,
          1,
          null,
          null,
          null,
          1,
          1,
          1,
          null,
          1,
          null,
          7,
          null,
          1,
          null,
          null,
          null
        ]
      },
      "/home/egor/DndMasterBoard/app/models/player_character.rb": {
        "lines": [
          1,
          null,
          1,
          null,
          1,
          1,
          1,
          null,
          1,
          null,
          1,
          null,
          1,
          3,
          null,
          null,
          1,
          3,
          null,
          null,
          1,
          null,
          1,
          19,
          342,
          null,
          null,
          null,
          null,
          null,
          null,
          null,
          19,
          114,
          null,
          null,
          null,
          null,
          null,
          null,
          null,
          null
        ]
      },
      "/home/egor/DndMasterBoard/app/models/concerns/default_player_skills.rb": {
        "lines": [
          1,
          1,
          null,
          null,
          1,
          null,
          null,
          null,
          null,
          null,
          null,
          null,
          null,
          null,
          null,
          null,
          null,
          null,
          null,
          null,
          null,
          null,
          null,
          null,
          null,
          1,
          null,
          null,
          null,
          null,
          null,
          null,
          null
        ]
      },
      "/home/egor/DndMasterBoard/spec/models/player_skill_spec.rb": {
        "lines": [
          1,
          null,
          1,
          1,
          1,
          1,
          null,
          1,
          null,
          null,
          1,
          1,
          null,
          1,
          null,
          null,
          null
        ]
      },
      "/home/egor/DndMasterBoard/app/models/player_skill.rb": {
        "lines": [
          1,
          1,
          null,
          1,
          null,
          1,
          null,
          null,
          null,
          null,
          1,
          null,
          1,
          458,
          458,
          null,
          null
        ]
      },
      "/home/egor/DndMasterBoard/spec/models/race_spec.rb": {
        "lines": [
          1,
          null,
          1,
          null,
          null
        ]
      },
      "/home/egor/DndMasterBoard/app/models/race.rb": {
        "lines": [
          1,
          null
        ]
      },
      "/home/egor/DndMasterBoard/spec/models/skill_spec.rb": {
        "lines": [
          1,
          null,
          1,
          null,
          null
        ]
      },
      "/home/egor/DndMasterBoard/spec/models/user_spec.rb": {
        "lines": [
          1,
          null,
          1,
          1,
          1,
          1,
          1,
          null,
          1,
          null,
          null,
          1,
          1,
          null,
          1,
          null,
          1,
          null,
          null,
          1,
          1,
          null,
          1,
          null,
          1,
          1,
          null,
          null,
          1,
          1,
          null,
          1,
          null,
          null,
          1,
          1,
          null,
          1,
          null,
          1,
          null,
          null,
          null
        ]
      },
      "/home/egor/DndMasterBoard/spec/requests/acts_request_spec.rb": {
        "lines": [
          1,
          null,
          1,
          null,
          null
        ]
      },
      "/home/egor/DndMasterBoard/spec/requests/campaigns_request_spec.rb": {
        "lines": [
          null,
          null,
          1,
          null,
          1,
          null
        ]
      },
      "/home/egor/DndMasterBoard/spec/requests/chapters_request_spec.rb": {
        "lines": [
          null,
          null,
          1,
          null,
          1,
          null
        ]
      },
      "/home/egor/DndMasterBoard/spec/requests/master_characters_request_spec.rb": {
        "lines": [
          1,
          null,
          1,
          null,
          null
        ]
      },
      "/home/egor/DndMasterBoard/spec/views/chapters/edit.html.erb_spec.rb": {
        "lines": [
          null,
          null,
          1,
          null,
          1,
          null
        ]
      },
      "/home/egor/DndMasterBoard/spec/views/chapters/show.html.erb_spec.rb": {
        "lines": [
          null,
          null,
          1,
          null,
          1,
          null
        ]
      },
      "/home/egor/DndMasterBoard/spec/views/chapters/update.html.erb_spec.rb": {
        "lines": [
          null,
          null,
          1,
          null,
          1,
          null
        ]
      },
      "/home/egor/DndMasterBoard/app/decorators/user_decorator.rb": {
        "lines": [
          1,
          1,
          null,
          1,
          0,
          0,
          null,
          0,
          null,
          null,
          null,
          1,
          0,
          null,
          null,
          1,
          0,
          null,
          null
        ]
      },
      "/home/egor/DndMasterBoard/app/models/enemy.rb": {
        "lines": [
          1,
          1,
          1,
          null
        ]
      }
    },
    "timestamp": 1618086879
  }
}
